#
# There is insufficient memory for the Java Runtime Environment to continue.
# Native memory allocation (malloc) failed to allocate 2097152 bytes for AllocateHeap
# Possible reasons:
#   The system is out of physical RAM or swap space
#   The process is running with CompressedOops enabled, and the Java Heap may be blocking the growth of the native heap
# Possible solutions:
#   Reduce memory load on the system
#   Increase physical memory or swap space
#   Check if swap backing store is full
#   Decrease Java heap size (-Xmx/-Xms)
#   Decrease number of Java threads
#   Decrease Java thread stack sizes (-Xss)
#   Set larger code cache with -XX:ReservedCodeCacheSize=
#   JVM is running with Unscaled Compressed Oops mode in which the Java heap is
#     placed in the first 4GB address space. The Java Heap base address is the
#     maximum limit for the native heap growth. Please use -XX:HeapBaseMinAddress
#     to set the Java Heap base and to place the Java Heap above 4GB virtual address.
# This output file may be truncated or incomplete.
#
#  Out of Memory Error (allocation.cpp:44), pid=2352, tid=25804
#
# JRE version: OpenJDK Runtime Environment Temurin-17.0.8.1+1 (17.0.8.1+1) (build 17.0.8.1+1)
# Java VM: OpenJDK 64-Bit Server VM Temurin-17.0.8.1+1 (17.0.8.1+1, mixed mode, emulated-client, tiered, compressed oops, compressed class ptrs, g1 gc, windows-amd64)
# No core dump will be written. Minidumps are not enabled by default on client versions of Windows
#

---------------  S U M M A R Y ------------

Command Line: -XX:+HeapDumpOnOutOfMemoryError -Xmx1024m -Dsts.lsp.client=vscode -Dsts.log.file=/dev/null -XX:TieredStopAtLevel=1 -Xlog:jni+resolve=off -Dspring.config.location=file:c:\Users\Lenovo\.vscode\extensions\vmware.vscode-spring-boot-1.49.0\language-server\BOOT-INF\classes\application.properties org.springframework.ide.vscode.boot.app.BootLanguageServerBootApp

Host: Intel(R) Core(TM) i7-8565U CPU @ 1.80GHz, 8 cores, 19G,  Windows 11 , 64 bit Build 22621 (10.0.22621.2361)
Time: Tue Oct 10 11:57:15 2023 Hora oficial do Brasil elapsed time: 2678.696255 seconds (0d 0h 44m 38s)

---------------  T H R E A D  ---------------

Current thread (0x00000212dd3cccb0):  VMThread "VM Thread" [stack: 0x0000009b57400000,0x0000009b57500000] [id=25804]

Stack: [0x0000009b57400000,0x0000009b57500000]
Native frames: (J=compiled Java code, j=interpreted, Vv=VM code, C=native code)
V  [jvm.dll+0x678b0a]
V  [jvm.dll+0x835e84]
V  [jvm.dll+0x83762e]
V  [jvm.dll+0x837c93]
V  [jvm.dll+0x24746f]
V  [jvm.dll+0xa697b]
V  [jvm.dll+0x2f7f41]
V  [jvm.dll+0x2f3b80]
V  [jvm.dll+0x2dc1c7]
V  [jvm.dll+0x31f227]
V  [jvm.dll+0x83c15b]
V  [jvm.dll+0x83ce94]
V  [jvm.dll+0x83d3ac]
V  [jvm.dll+0x83d784]
V  [jvm.dll+0x83d850]
V  [jvm.dll+0x7e64ca]
V  [jvm.dll+0x677955]
C  [ucrtbase.dll+0x29363]
C  [KERNEL32.DLL+0x1257d]
C  [ntdll.dll+0x5aa78]

VM_Operation (0x0000009b58cfef00): G1CollectFull, mode: safepoint, requested by thread 0x00000212e27961f0


---------------  P R O C E S S  ---------------

Threads class SMR info:
_java_thread_list=0x00000212e34b1110, length=22, elements={
0x00000212dd419160, 0x00000212dd419ef0, 0x00000212dd445800, 0x00000212dd4488a0,
0x00000212dd44c190, 0x00000212dd44ca60, 0x00000212dd44d3e0, 0x00000212dd44fd00,
0x00000212dd663800, 0x00000212dd664120, 0x00000212e27be040, 0x00000212e27961f0,
0x00000212e2705a70, 0x00000212d257fd50, 0x00000212e278fa70, 0x00000212dd52f720,
0x00000212e33beeb0, 0x00000212e33bda70, 0x00000212e33bbc10, 0x00000212e33be9a0,
0x00000212e33bf3c0, 0x00000212e33bd560
}

Java Threads: ( => current thread )
  0x00000212dd419160 JavaThread "Reference Handler" daemon [_thread_blocked, id=2428, stack(0x0000009b57500000,0x0000009b57600000)]
  0x00000212dd419ef0 JavaThread "Finalizer" daemon [_thread_blocked, id=20416, stack(0x0000009b57600000,0x0000009b57700000)]
  0x00000212dd445800 JavaThread "Signal Dispatcher" daemon [_thread_blocked, id=31260, stack(0x0000009b57700000,0x0000009b57800000)]
  0x00000212dd4488a0 JavaThread "Attach Listener" daemon [_thread_blocked, id=20564, stack(0x0000009b57800000,0x0000009b57900000)]
  0x00000212dd44c190 JavaThread "Service Thread" daemon [_thread_blocked, id=29268, stack(0x0000009b57900000,0x0000009b57a00000)]
  0x00000212dd44ca60 JavaThread "Monitor Deflation Thread" daemon [_thread_blocked, id=6812, stack(0x0000009b57a00000,0x0000009b57b00000)]
  0x00000212dd44d3e0 JavaThread "C1 CompilerThread0" daemon [_thread_blocked, id=26308, stack(0x0000009b57b00000,0x0000009b57c00000)]
  0x00000212dd44fd00 JavaThread "Sweeper thread" daemon [_thread_blocked, id=23424, stack(0x0000009b57c00000,0x0000009b57d00000)]
  0x00000212dd663800 JavaThread "Notification Thread" daemon [_thread_blocked, id=21964, stack(0x0000009b57f00000,0x0000009b58000000)]
  0x00000212dd664120 JavaThread "Common-Cleaner" daemon [_thread_blocked, id=12960, stack(0x0000009b58100000,0x0000009b58200000)]
  0x00000212e27be040 JavaThread "boundedElastic-evictor-1" daemon [_thread_blocked, id=12656, stack(0x0000009b58900000,0x0000009b58a00000)]
  0x00000212e27961f0 JavaThread "pool-11-thread-1" [_thread_blocked, id=12140, stack(0x0000009b58c00000,0x0000009b58d00000)]
  0x00000212e2705a70 JavaThread "LanguageServerApp-lifecycle" [_thread_blocked, id=23792, stack(0x0000009b58d00000,0x0000009b58e00000)]
  0x00000212d257fd50 JavaThread "DestroyJavaVM" [_thread_blocked, id=32412, stack(0x0000009b56e00000,0x0000009b56f00000)]
  0x00000212e278fa70 JavaThread "pool-12-thread-1" [_thread_in_native, id=2776, stack(0x0000009b58e00000,0x0000009b58f00000)]
  0x00000212dd52f720 JavaThread "Simple-Language-Server main thread" daemon [_thread_blocked, id=29392, stack(0x0000009b58f00000,0x0000009b59000000)]
  0x00000212e33beeb0 JavaThread "parallel-1" daemon [_thread_blocked, id=30240, stack(0x0000009b59300000,0x0000009b59400000)]
  0x00000212e33bda70 JavaThread "pool-5-thread-1" [_thread_blocked, id=25192, stack(0x0000009b59400000,0x0000009b59500000)]
  0x00000212e33bbc10 JavaThread "parallel-2" daemon [_thread_blocked, id=7316, stack(0x0000009b59500000,0x0000009b59600000)]
  0x00000212e33be9a0 JavaThread "pool-7-thread-1" [_thread_blocked, id=3444, stack(0x0000009b56b00000,0x0000009b56c00000)]
  0x00000212e33bf3c0 JavaThread "parallel-3" daemon [_thread_blocked, id=27944, stack(0x0000009b56c00000,0x0000009b56d00000)]
  0x00000212e33bd560 JavaThread "Reconciler-1" daemon [_thread_blocked, id=8968, stack(0x0000009b59000000,0x0000009b59100000)]

Other Threads:
=>0x00000212dd3cccb0 VMThread "VM Thread" [stack: 0x0000009b57400000,0x0000009b57500000] [id=25804]
  0x00000212dd663ce0 WatcherThread [stack: 0x0000009b58000000,0x0000009b58100000] [id=16588]
  0x00000212d25be9c0 GCTaskThread "GC Thread#0" [stack: 0x0000009b56f00000,0x0000009b57000000] [id=28408]
  0x00000212e2891f00 GCTaskThread "GC Thread#1" [stack: 0x0000009b58200000,0x0000009b58300000] [id=14136]
  0x00000212e28a4320 GCTaskThread "GC Thread#2" [stack: 0x0000009b58300000,0x0000009b58400000] [id=25828]
  0x00000212e28a45e0 GCTaskThread "GC Thread#3" [stack: 0x0000009b58400000,0x0000009b58500000] [id=19740]
  0x00000212e288f440 GCTaskThread "GC Thread#4" [stack: 0x0000009b58500000,0x0000009b58600000] [id=20448]
  0x00000212e288fb10 GCTaskThread "GC Thread#5" [stack: 0x0000009b58600000,0x0000009b58700000] [id=32572]
  0x00000212e288fdd0 GCTaskThread "GC Thread#6" [stack: 0x0000009b58700000,0x0000009b58800000] [id=27284]
  0x00000212e29c30b0 GCTaskThread "GC Thread#7" [stack: 0x0000009b58800000,0x0000009b58900000] [id=20344]
  0x00000212d25c8830 ConcurrentGCThread "G1 Main Marker" [stack: 0x0000009b57000000,0x0000009b57100000] [id=21356]
  0x00000212d25c9150 ConcurrentGCThread "G1 Conc#0" [stack: 0x0000009b57100000,0x0000009b57200000] [id=22676]
  0x00000212e2d42e10 ConcurrentGCThread "G1 Conc#1" [stack: 0x0000009b58b00000,0x0000009b58c00000] [id=6796]
  0x00000212d262e5a0 ConcurrentGCThread "G1 Refine#0" [stack: 0x0000009b57200000,0x0000009b57300000] [id=29888]
  0x00000212dd2701c0 ConcurrentGCThread "G1 Service" [stack: 0x0000009b57300000,0x0000009b57400000] [id=28684]

Threads with active compile tasks:

VM state: at safepoint (normal execution)

VM Mutex/Monitor currently owned by a thread:  ([mutex/lock_event])
[0x00000212d04bbd20] Threads_lock - owner thread: 0x00000212dd3cccb0
[0x00000212d257d020] Heap_lock - owner thread: 0x00000212e27961f0

Heap address: 0x00000000c0000000, size: 1024 MB, Compressed Oops mode: 32-bit

CDS archive(s) not mapped
Compressed class space mapped at: 0x0000000100000000-0x0000000140000000, reserved size: 1073741824
Narrow klass base: 0x0000000000000000, Narrow klass shift: 3, Narrow klass range: 0x140000000

GC Precious Log:
 CPUs: 8 total, 8 available
 Memory: 20360M
 Large Page Support: Disabled
 NUMA Support: Disabled
 Compressed Oops: Enabled (32-bit)
 Heap Region Size: 1M
 Heap Min Capacity: 8M
 Heap Initial Capacity: 320M
 Heap Max Capacity: 1G
 Pre-touch: Disabled
 Parallel Workers: 8
 Concurrent Workers: 2
 Concurrent Refinement Workers: 8
 Periodic GC: Disabled

Heap:
 garbage-first heap   total 71680K, used 25487K [0x00000000c0000000, 0x0000000100000000)
  region size 1024K, 1 young (1024K), 0 survivors (0K)
 Metaspace       used 54541K, committed 55040K, reserved 1114112K
  class space    used 6940K, committed 7168K, reserved 1048576K

Heap Regions: E=young(eden), S=young(survivor), O=old, HS=humongous(starts), HC=humongous(continues), CS=collection set, F=free, OA=open archive, CA=closed archive, TAMS=top-at-mark-start (previous, next)
|   0|0x00000000c0000000, 0x00000000c0100000, 0x00000000c0100000|100%| O|  |TAMS 0x00000000c0100000, 0x00000000c0000000| Untracked 
|   1|0x00000000c0100000, 0x00000000c01fffe8, 0x00000000c0200000| 99%| O|  |TAMS 0x00000000c01fffe8, 0x00000000c0100000| Untracked 
|   2|0x00000000c0200000, 0x00000000c0300000, 0x00000000c0300000|100%| O|  |TAMS 0x00000000c0300000, 0x00000000c0200000| Untracked 
|   3|0x00000000c0300000, 0x00000000c03fffe0, 0x00000000c0400000| 99%| O|  |TAMS 0x00000000c03fffe0, 0x00000000c0300000| Untracked 
|   4|0x00000000c0400000, 0x00000000c0500000, 0x00000000c0500000|100%| O|  |TAMS 0x00000000c0500000, 0x00000000c0400000| Untracked 
|   5|0x00000000c0500000, 0x00000000c0600000, 0x00000000c0600000|100%| O|  |TAMS 0x00000000c0600000, 0x00000000c0500000| Untracked 
|   6|0x00000000c0600000, 0x00000000c0700000, 0x00000000c0700000|100%| O|  |TAMS 0x00000000c0700000, 0x00000000c0600000| Untracked 
|   7|0x00000000c0700000, 0x00000000c0800000, 0x00000000c0800000|100%| O|  |TAMS 0x00000000c0800000, 0x00000000c0700000| Untracked 
|   8|0x00000000c0800000, 0x00000000c0900000, 0x00000000c0900000|100%| O|  |TAMS 0x00000000c0900000, 0x00000000c0800000| Untracked 
|   9|0x00000000c0900000, 0x00000000c09ff098, 0x00000000c0a00000| 99%| O|  |TAMS 0x00000000c09ff098, 0x00000000c0900000| Untracked 
|  10|0x00000000c0a00000, 0x00000000c0afffb0, 0x00000000c0b00000| 99%| O|  |TAMS 0x00000000c0afffb0, 0x00000000c0a00000| Untracked 
|  11|0x00000000c0b00000, 0x00000000c0bfffb0, 0x00000000c0c00000| 99%| O|  |TAMS 0x00000000c0bfffb0, 0x00000000c0b00000| Untracked 
|  12|0x00000000c0c00000, 0x00000000c0cfffc0, 0x00000000c0d00000| 99%| O|  |TAMS 0x00000000c0cfffc0, 0x00000000c0c00000| Untracked 
|  13|0x00000000c0d00000, 0x00000000c0dfffc8, 0x00000000c0e00000| 99%| O|  |TAMS 0x00000000c0dfffc8, 0x00000000c0d00000| Untracked 
|  14|0x00000000c0e00000, 0x00000000c0effff0, 0x00000000c0f00000| 99%| O|  |TAMS 0x00000000c0effff0, 0x00000000c0e00000| Untracked 
|  15|0x00000000c0f00000, 0x00000000c1000000, 0x00000000c1000000|100%| O|  |TAMS 0x00000000c1000000, 0x00000000c0f00000| Untracked 
|  16|0x00000000c1000000, 0x00000000c10fffe8, 0x00000000c1100000| 99%| O|  |TAMS 0x00000000c10fffe8, 0x00000000c1000000| Untracked 
|  17|0x00000000c1100000, 0x00000000c11ffff0, 0x00000000c1200000| 99%| O|  |TAMS 0x00000000c11ffff0, 0x00000000c1100000| Untracked 
|  18|0x00000000c1200000, 0x00000000c12f73f8, 0x00000000c1300000| 96%| O|  |TAMS 0x00000000c12f73f8, 0x00000000c1200000| Untracked 
|  19|0x00000000c1300000, 0x00000000c13ff9e8, 0x00000000c1400000| 99%| O|  |TAMS 0x00000000c13ff9e8, 0x00000000c1300000| Untracked 
|  20|0x00000000c1400000, 0x00000000c14fc1b8, 0x00000000c1500000| 98%| O|  |TAMS 0x00000000c14fc1b8, 0x00000000c1400000| Untracked 
|  21|0x00000000c1500000, 0x00000000c15ffff0, 0x00000000c1600000| 99%| O|  |TAMS 0x00000000c15ffff0, 0x00000000c1500000| Untracked 
|  22|0x00000000c1600000, 0x00000000c16ffff8, 0x00000000c1700000| 99%| O|  |TAMS 0x00000000c16ffff8, 0x00000000c1600000| Untracked 
|  23|0x00000000c1700000, 0x00000000c1798e00, 0x00000000c1800000| 59%| O|  |TAMS 0x00000000c1700000, 0x00000000c1700000| Untracked 
|  24|0x00000000c1800000, 0x00000000c18590a8, 0x00000000c1900000| 34%| O|  |TAMS 0x00000000c1800000, 0x00000000c1800000| Untracked 
|  25|0x00000000c1900000, 0x00000000c1a00000, 0x00000000c1a00000|100%| O|  |TAMS 0x00000000c1a00000, 0x00000000c1900000| Untracked 
|  26|0x00000000c1a00000, 0x00000000c1a00000, 0x00000000c1b00000|  0%| F|  |TAMS 0x00000000c1a00000, 0x00000000c1a00000| Untracked 
|  27|0x00000000c1b00000, 0x00000000c1b00000, 0x00000000c1c00000|  0%| F|  |TAMS 0x00000000c1b00000, 0x00000000c1b00000| Untracked 
|  28|0x00000000c1c00000, 0x00000000c1c00000, 0x00000000c1d00000|  0%| F|  |TAMS 0x00000000c1c00000, 0x00000000c1c00000| Untracked 
|  29|0x00000000c1d00000, 0x00000000c1d00000, 0x00000000c1e00000|  0%| F|  |TAMS 0x00000000c1d00000, 0x00000000c1d00000| Untracked 
|  30|0x00000000c1e00000, 0x00000000c1e00000, 0x00000000c1f00000|  0%| F|  |TAMS 0x00000000c1e00000, 0x00000000c1e00000| Untracked 
|  31|0x00000000c1f00000, 0x00000000c1f00000, 0x00000000c2000000|  0%| F|  |TAMS 0x00000000c1f00000, 0x00000000c1f00000| Untracked 
|  32|0x00000000c2000000, 0x00000000c2000000, 0x00000000c2100000|  0%| F|  |TAMS 0x00000000c2000000, 0x00000000c2000000| Untracked 
|  33|0x00000000c2100000, 0x00000000c2100000, 0x00000000c2200000|  0%| F|  |TAMS 0x00000000c2100000, 0x00000000c2100000| Untracked 
|  34|0x00000000c2200000, 0x00000000c2200000, 0x00000000c2300000|  0%| F|  |TAMS 0x00000000c2200000, 0x00000000c2200000| Untracked 
|  35|0x00000000c2300000, 0x00000000c2300000, 0x00000000c2400000|  0%| F|  |TAMS 0x00000000c2300000, 0x00000000c2300000| Untracked 
|  36|0x00000000c2400000, 0x00000000c2400000, 0x00000000c2500000|  0%| F|  |TAMS 0x00000000c2400000, 0x00000000c2400000| Untracked 
|  37|0x00000000c2500000, 0x00000000c2500000, 0x00000000c2600000|  0%| F|  |TAMS 0x00000000c2500000, 0x00000000c2500000| Untracked 
|  38|0x00000000c2600000, 0x00000000c2600000, 0x00000000c2700000|  0%| F|  |TAMS 0x00000000c2600000, 0x00000000c2600000| Untracked 
|  39|0x00000000c2700000, 0x00000000c2700000, 0x00000000c2800000|  0%| F|  |TAMS 0x00000000c2700000, 0x00000000c2700000| Untracked 
|  40|0x00000000c2800000, 0x00000000c2800000, 0x00000000c2900000|  0%| F|  |TAMS 0x00000000c2800000, 0x00000000c2800000| Untracked 
|  41|0x00000000c2900000, 0x00000000c2900000, 0x00000000c2a00000|  0%| F|  |TAMS 0x00000000c2900000, 0x00000000c2900000| Untracked 
|  42|0x00000000c2a00000, 0x00000000c2a00000, 0x00000000c2b00000|  0%| F|  |TAMS 0x00000000c2a00000, 0x00000000c2a00000| Untracked 
|  43|0x00000000c2b00000, 0x00000000c2b00000, 0x00000000c2c00000|  0%| F|  |TAMS 0x00000000c2b00000, 0x00000000c2b00000| Untracked 
|  44|0x00000000c2c00000, 0x00000000c2c00000, 0x00000000c2d00000|  0%| F|  |TAMS 0x00000000c2c00000, 0x00000000c2c00000| Untracked 
|  45|0x00000000c2d00000, 0x00000000c2d00000, 0x00000000c2e00000|  0%| F|  |TAMS 0x00000000c2d00000, 0x00000000c2d00000| Untracked 
|  46|0x00000000c2e00000, 0x00000000c2e00000, 0x00000000c2f00000|  0%| F|  |TAMS 0x00000000c2e00000, 0x00000000c2e00000| Untracked 
|  47|0x00000000c2f00000, 0x00000000c2f00000, 0x00000000c3000000|  0%| F|  |TAMS 0x00000000c2f00000, 0x00000000c2f00000| Untracked 
|  48|0x00000000c3000000, 0x00000000c3000000, 0x00000000c3100000|  0%| F|  |TAMS 0x00000000c3000000, 0x00000000c3000000| Untracked 
|  49|0x00000000c3100000, 0x00000000c3100000, 0x00000000c3200000|  0%| F|  |TAMS 0x00000000c3100000, 0x00000000c3100000| Untracked 
|  50|0x00000000c3200000, 0x00000000c3200000, 0x00000000c3300000|  0%| F|  |TAMS 0x00000000c3200000, 0x00000000c3200000| Untracked 
|  51|0x00000000c3300000, 0x00000000c3300000, 0x00000000c3400000|  0%| F|  |TAMS 0x00000000c3300000, 0x00000000c3300000| Untracked 
|  52|0x00000000c3400000, 0x00000000c3400000, 0x00000000c3500000|  0%| F|  |TAMS 0x00000000c3400000, 0x00000000c3400000| Untracked 
|  53|0x00000000c3500000, 0x00000000c3500000, 0x00000000c3600000|  0%| F|  |TAMS 0x00000000c3500000, 0x00000000c3500000| Untracked 
|  54|0x00000000c3600000, 0x00000000c3600000, 0x00000000c3700000|  0%| F|  |TAMS 0x00000000c3600000, 0x00000000c3600000| Untracked 
|  55|0x00000000c3700000, 0x00000000c3700000, 0x00000000c3800000|  0%| F|  |TAMS 0x00000000c3700000, 0x00000000c3700000| Untracked 
|  56|0x00000000c3800000, 0x00000000c3800000, 0x00000000c3900000|  0%| F|  |TAMS 0x00000000c3800000, 0x00000000c3800000| Untracked 
|  57|0x00000000c3900000, 0x00000000c3900000, 0x00000000c3a00000|  0%| F|  |TAMS 0x00000000c3900000, 0x00000000c3900000| Untracked 
|  58|0x00000000c3a00000, 0x00000000c3a00000, 0x00000000c3b00000|  0%| F|  |TAMS 0x00000000c3a00000, 0x00000000c3a00000| Untracked 
|  59|0x00000000c3b00000, 0x00000000c3b00000, 0x00000000c3c00000|  0%| F|  |TAMS 0x00000000c3b00000, 0x00000000c3b00000| Untracked 
|  60|0x00000000c3c00000, 0x00000000c3c00000, 0x00000000c3d00000|  0%| F|  |TAMS 0x00000000c3c00000, 0x00000000c3c00000| Untracked 
|  61|0x00000000c3d00000, 0x00000000c3d00000, 0x00000000c3e00000|  0%| F|  |TAMS 0x00000000c3d00000, 0x00000000c3d00000| Untracked 
|  62|0x00000000c3e00000, 0x00000000c3e00000, 0x00000000c3f00000|  0%| F|  |TAMS 0x00000000c3e00000, 0x00000000c3e00000| Untracked 
|  63|0x00000000c3f00000, 0x00000000c3f00000, 0x00000000c4000000|  0%| F|  |TAMS 0x00000000c3f00000, 0x00000000c3f00000| Untracked 
|  64|0x00000000c4000000, 0x00000000c4000000, 0x00000000c4100000|  0%| F|  |TAMS 0x00000000c4000000, 0x00000000c4000000| Untracked 
|  65|0x00000000c4100000, 0x00000000c4100000, 0x00000000c4200000|  0%| F|  |TAMS 0x00000000c4100000, 0x00000000c4100000| Untracked 
|  66|0x00000000c4200000, 0x00000000c4200000, 0x00000000c4300000|  0%| F|  |TAMS 0x00000000c4200000, 0x00000000c4200000| Untracked 
|  67|0x00000000c4300000, 0x00000000c4300000, 0x00000000c4400000|  0%| F|  |TAMS 0x00000000c4300000, 0x00000000c4300000| Untracked 
|  68|0x00000000c4400000, 0x00000000c4400000, 0x00000000c4500000|  0%| F|  |TAMS 0x00000000c4400000, 0x00000000c4400000| Untracked 
|  69|0x00000000c4500000, 0x00000000c4512ba0, 0x00000000c4600000|  7%| E|  |TAMS 0x00000000c4500000, 0x00000000c4500000| Complete 

Card table byte_map: [0x00000212d8500000,0x00000212d8700000] _byte_map_base: 0x00000212d7f00000

Marking Bits (Prev, Next): (CMBitMap*) 0x00000212d25bef30, (CMBitMap*) 0x00000212d25beef0
 Prev Bits: [0x00000212d9900000, 0x00000212da900000)
 Next Bits: [0x00000212d8900000, 0x00000212d9900000)

Polling page: 0x00000212d1d30000

Metaspace:

Usage:
  Non-class:     46.48 MB used.
      Class:      6.78 MB used.
       Both:     53.26 MB used.

Virtual space:
  Non-class space:       64.00 MB reserved,      46.75 MB ( 73%) committed,  1 nodes.
      Class space:        1.00 GB reserved,       7.00 MB ( <1%) committed,  1 nodes.
             Both:        1.06 GB reserved,      53.75 MB (  5%) committed. 

Chunk freelists:
   Non-Class:  504.00 KB
       Class:  9.00 MB
        Both:  9.49 MB

MaxMetaspaceSize: unlimited
CompressedClassSpaceSize: 1.00 GB
Initial GC threshold: 21.00 MB
Current GC threshold: 89.62 MB
CDS: off
MetaspaceReclaimPolicy: balanced
 - commit_granule_bytes: 65536.
 - commit_granule_words: 8192.
 - virtual_space_node_default_size: 8388608.
 - enlarge_chunks_in_place: 1.
 - new_chunks_are_fully_committed: 0.
 - uncommit_free_chunks: 1.
 - use_allocation_guard: 0.
 - handle_deallocations: 1.


Internal statistics:

num_allocs_failed_limit: 6.
num_arena_births: 604.
num_arena_deaths: 210.
num_vsnodes_births: 2.
num_vsnodes_deaths: 0.
num_space_committed: 860.
num_space_uncommitted: 0.
num_chunks_returned_to_freelist: 261.
num_chunks_taken_from_freelist: 2315.
num_chunk_merges: 80.
num_chunk_splits: 1560.
num_chunks_enlarged: 1192.
num_inconsistent_stats: 0.

CodeCache: size=49152Kb used=9532Kb max_used=10965Kb free=39619Kb
 bounds [0x00000212d51f0000, 0x00000212d5cb0000, 0x00000212d81f0000]
 total_blobs=5885 nmethods=5236 adapters=574
 compilation: enabled
              stopped_count=0, restarted_count=0
 full_count=0

Compilation events (20 events):
Event: 2566.122 Thread 0x00000212dd44d3e0 5227       1       reactor.core.scheduler.BoundedElasticScheduler$BoundedServices::eviction (90 bytes)
Event: 2566.123 Thread 0x00000212dd44d3e0 nmethod 5227 0x00000212d53e8e10 code [0x00000212d53e9000, 0x00000212d53e9388]
Event: 2566.123 Thread 0x00000212dd44d3e0 5229       1       java.util.concurrent.ConcurrentLinkedDeque::toArrayInternal (141 bytes)
Event: 2566.123 Thread 0x00000212dd44d3e0 nmethod 5229 0x00000212d53e8290 code [0x00000212d53e8480, 0x00000212d53e8b58]
Event: 2566.123 Thread 0x00000212dd44d3e0 5226       1       reactor.core.scheduler.BoundedElasticScheduler$$Lambda$632/0x0000000100498c18::run (8 bytes)
Event: 2566.123 Thread 0x00000212dd44d3e0 nmethod 5226 0x00000212d53e7f90 code [0x00000212d53e8120, 0x00000212d53e8208]
Event: 2566.123 Thread 0x00000212dd44d3e0 5228       1       java.util.concurrent.ConcurrentLinkedDeque::toArray (6 bytes)
Event: 2566.123 Thread 0x00000212dd44d3e0 nmethod 5228 0x00000212d53e7c90 code [0x00000212d53e7e20, 0x00000212d53e7f08]
Event: 2587.469 Thread 0x00000212dd44d3e0 5231       1       java.io.BufferedOutputStream::<init> (27 bytes)
Event: 2587.470 Thread 0x00000212dd44d3e0 nmethod 5231 0x00000212d53e7210 code [0x00000212d53e73c0, 0x00000212d53e7728]
Event: 2597.656 Thread 0x00000212dd44d3e0 5232       1       org.springframework.ide.vscode.commons.languageserver.util.ParentProcessWatcher::run (36 bytes)
Event: 2597.656 Thread 0x00000212dd44d3e0 nmethod 5232 0x00000212d53e6a90 code [0x00000212d53e6c80, 0x00000212d53e6f98]
Event: 2597.656 Thread 0x00000212dd44d3e0 5233   !   1       org.springframework.ide.vscode.commons.languageserver.util.ParentProcessWatcher::parentProcessStillRunning (413 bytes)
Event: 2597.664 Thread 0x00000212dd44d3e0 nmethod 5233 0x00000212d53e1090 code [0x00000212d53e18c0, 0x00000212d53e4a88]
Event: 2607.812 Thread 0x00000212dd44d3e0 5234       1       java.io.BufferedOutputStream::<init> (9 bytes)
Event: 2607.813 Thread 0x00000212dd44d3e0 nmethod 5234 0x00000212d53e0b10 code [0x00000212d53e0ca0, 0x00000212d53e0f78]
Event: 2648.308 Thread 0x00000212dd44d3e0 5235       1       sun.nio.cs.SingleByte$Encoder::encode (32 bytes)
Event: 2648.308 Thread 0x00000212dd44d3e0 nmethod 5235 0x00000212d53e0710 code [0x00000212d53e08a0, 0x00000212d53e0a18]
Event: 2678.583 Thread 0x00000212dd44d3e0 5236       1       java.io.FileOutputStream::<init> (59 bytes)
Event: 2678.583 Thread 0x00000212dd44d3e0 nmethod 5236 0x00000212d53dfe10 code [0x00000212d53e0000, 0x00000212d53e04c8]

GC Heap History (20 events):
Event: 2567.301 GC heap before
{Heap before GC invocations=256 (full 243):
 garbage-first heap   total 71680K, used 25481K [0x00000000c0000000, 0x0000000100000000)
  region size 1024K, 1 young (1024K), 0 survivors (0K)
 Metaspace       used 54527K, committed 55040K, reserved 1114112K
  class space    used 6937K, committed 7168K, reserved 1048576K
}
Event: 2567.323 GC heap after
{Heap after GC invocations=257 (full 244):
 garbage-first heap   total 71680K, used 25481K [0x00000000c0000000, 0x0000000100000000)
  region size 1024K, 0 young (0K), 0 survivors (0K)
 Metaspace       used 54527K, committed 55040K, reserved 1114112K
  class space    used 6937K, committed 7168K, reserved 1048576K
}
Event: 2577.429 GC heap before
{Heap before GC invocations=257 (full 244):
 garbage-first heap   total 71680K, used 25481K [0x00000000c0000000, 0x0000000100000000)
  region size 1024K, 1 young (1024K), 0 survivors (0K)
 Metaspace       used 54527K, committed 55040K, reserved 1114112K
  class space    used 6937K, committed 7168K, reserved 1048576K
}
Event: 2577.450 GC heap after
{Heap after GC invocations=258 (full 245):
 garbage-first heap   total 71680K, used 25481K [0x00000000c0000000, 0x0000000100000000)
  region size 1024K, 0 young (0K), 0 survivors (0K)
 Metaspace       used 54527K, committed 55040K, reserved 1114112K
  class space    used 6937K, committed 7168K, reserved 1048576K
}
Event: 2587.617 GC heap before
{Heap before GC invocations=258 (full 245):
 garbage-first heap   total 71680K, used 25481K [0x00000000c0000000, 0x0000000100000000)
  region size 1024K, 1 young (1024K), 0 survivors (0K)
 Metaspace       used 54527K, committed 55040K, reserved 1114112K
  class space    used 6937K, committed 7168K, reserved 1048576K
}
Event: 2587.647 GC heap after
{Heap after GC invocations=259 (full 246):
 garbage-first heap   total 71680K, used 25481K [0x00000000c0000000, 0x0000000100000000)
  region size 1024K, 0 young (0K), 0 survivors (0K)
 Metaspace       used 54527K, committed 55040K, reserved 1114112K
  class space    used 6937K, committed 7168K, reserved 1048576K
}
Event: 2597.775 GC heap before
{Heap before GC invocations=259 (full 246):
 garbage-first heap   total 71680K, used 25481K [0x00000000c0000000, 0x0000000100000000)
  region size 1024K, 1 young (1024K), 0 survivors (0K)
 Metaspace       used 54527K, committed 55040K, reserved 1114112K
  class space    used 6937K, committed 7168K, reserved 1048576K
}
Event: 2597.805 GC heap after
{Heap after GC invocations=260 (full 247):
 garbage-first heap   total 71680K, used 25481K [0x00000000c0000000, 0x0000000100000000)
  region size 1024K, 0 young (0K), 0 survivors (0K)
 Metaspace       used 54527K, committed 55040K, reserved 1114112K
  class space    used 6937K, committed 7168K, reserved 1048576K
}
Event: 2607.893 GC heap before
{Heap before GC invocations=260 (full 247):
 garbage-first heap   total 71680K, used 25481K [0x00000000c0000000, 0x0000000100000000)
  region size 1024K, 1 young (1024K), 0 survivors (0K)
 Metaspace       used 54527K, committed 55040K, reserved 1114112K
  class space    used 6937K, committed 7168K, reserved 1048576K
}
Event: 2607.913 GC heap after
{Heap after GC invocations=261 (full 248):
 garbage-first heap   total 71680K, used 25473K [0x00000000c0000000, 0x0000000100000000)
  region size 1024K, 0 young (0K), 0 survivors (0K)
 Metaspace       used 54527K, committed 55040K, reserved 1114112K
  class space    used 6937K, committed 7168K, reserved 1048576K
}
Event: 2618.013 GC heap before
{Heap before GC invocations=261 (full 248):
 garbage-first heap   total 71680K, used 25473K [0x00000000c0000000, 0x0000000100000000)
  region size 1024K, 1 young (1024K), 0 survivors (0K)
 Metaspace       used 54527K, committed 55040K, reserved 1114112K
  class space    used 6937K, committed 7168K, reserved 1048576K
}
Event: 2618.036 GC heap after
{Heap after GC invocations=262 (full 249):
 garbage-first heap   total 71680K, used 25473K [0x00000000c0000000, 0x0000000100000000)
  region size 1024K, 0 young (0K), 0 survivors (0K)
 Metaspace       used 54527K, committed 55040K, reserved 1114112K
  class space    used 6937K, committed 7168K, reserved 1048576K
}
Event: 2628.150 GC heap before
{Heap before GC invocations=262 (full 249):
 garbage-first heap   total 71680K, used 25473K [0x00000000c0000000, 0x0000000100000000)
  region size 1024K, 1 young (1024K), 0 survivors (0K)
 Metaspace       used 54527K, committed 55040K, reserved 1114112K
  class space    used 6937K, committed 7168K, reserved 1048576K
}
Event: 2628.171 GC heap after
{Heap after GC invocations=263 (full 250):
 garbage-first heap   total 71680K, used 25473K [0x00000000c0000000, 0x0000000100000000)
  region size 1024K, 0 young (0K), 0 survivors (0K)
 Metaspace       used 54527K, committed 55040K, reserved 1114112K
  class space    used 6937K, committed 7168K, reserved 1048576K
}
Event: 2638.267 GC heap before
{Heap before GC invocations=263 (full 250):
 garbage-first heap   total 71680K, used 25473K [0x00000000c0000000, 0x0000000100000000)
  region size 1024K, 1 young (1024K), 0 survivors (0K)
 Metaspace       used 54527K, committed 55040K, reserved 1114112K
  class space    used 6937K, committed 7168K, reserved 1048576K
}
Event: 2638.290 GC heap after
{Heap after GC invocations=264 (full 251):
 garbage-first heap   total 71680K, used 25473K [0x00000000c0000000, 0x0000000100000000)
  region size 1024K, 0 young (0K), 0 survivors (0K)
 Metaspace       used 54527K, committed 55040K, reserved 1114112K
  class space    used 6937K, committed 7168K, reserved 1048576K
}
Event: 2658.418 GC heap before
{Heap before GC invocations=264 (full 251):
 garbage-first heap   total 71680K, used 25473K [0x00000000c0000000, 0x0000000100000000)
  region size 1024K, 1 young (1024K), 0 survivors (0K)
 Metaspace       used 54541K, committed 55040K, reserved 1114112K
  class space    used 6940K, committed 7168K, reserved 1048576K
}
Event: 2658.441 GC heap after
{Heap after GC invocations=265 (full 252):
 garbage-first heap   total 71680K, used 25487K [0x00000000c0000000, 0x0000000100000000)
  region size 1024K, 0 young (0K), 0 survivors (0K)
 Metaspace       used 54541K, committed 55040K, reserved 1114112K
  class space    used 6940K, committed 7168K, reserved 1048576K
}
Event: 2668.542 GC heap before
{Heap before GC invocations=265 (full 252):
 garbage-first heap   total 71680K, used 25487K [0x00000000c0000000, 0x0000000100000000)
  region size 1024K, 1 young (1024K), 0 survivors (0K)
 Metaspace       used 54541K, committed 55040K, reserved 1114112K
  class space    used 6940K, committed 7168K, reserved 1048576K
}
Event: 2668.564 GC heap after
{Heap after GC invocations=266 (full 253):
 garbage-first heap   total 71680K, used 25487K [0x00000000c0000000, 0x0000000100000000)
  region size 1024K, 0 young (0K), 0 survivors (0K)
 Metaspace       used 54541K, committed 55040K, reserved 1114112K
  class space    used 6940K, committed 7168K, reserved 1048576K
}

Dll operation events (9 events):
Event: 0.046 Loaded shared library c:\Users\Lenovo\.vscode\extensions\redhat.java-1.23.0-win32-x64\jre\17.0.8.1-win32-x86_64\bin\java.dll
Event: 0.695 Loaded shared library C:\Users\Lenovo\.vscode\extensions\redhat.java-1.23.0-win32-x64\jre\17.0.8.1-win32-x86_64\bin\net.dll
Event: 0.699 Loaded shared library C:\Users\Lenovo\.vscode\extensions\redhat.java-1.23.0-win32-x64\jre\17.0.8.1-win32-x86_64\bin\nio.dll
Event: 0.730 Loaded shared library C:\Users\Lenovo\.vscode\extensions\redhat.java-1.23.0-win32-x64\jre\17.0.8.1-win32-x86_64\bin\zip.dll
Event: 1.292 Loaded shared library C:\Users\Lenovo\.vscode\extensions\redhat.java-1.23.0-win32-x64\jre\17.0.8.1-win32-x86_64\bin\jimage.dll
Event: 5.728 Loaded shared library c:\Users\Lenovo\.vscode\extensions\redhat.java-1.23.0-win32-x64\jre\17.0.8.1-win32-x86_64\bin\verify.dll
Event: 6.239 Loaded shared library C:\Users\Lenovo\.vscode\extensions\redhat.java-1.23.0-win32-x64\jre\17.0.8.1-win32-x86_64\bin\management.dll
Event: 6.242 Loaded shared library C:\Users\Lenovo\.vscode\extensions\redhat.java-1.23.0-win32-x64\jre\17.0.8.1-win32-x86_64\bin\management_ext.dll
Event: 7.583 Loaded shared library C:\Users\Lenovo\.vscode\extensions\redhat.java-1.23.0-win32-x64\jre\17.0.8.1-win32-x86_64\bin\sunmscapi.dll

Deoptimization events (16 events):
Event: 4.089 Thread 0x00000212d257fd50 DEOPT PACKING pc=0x00000212d57f2819 sp=0x0000009b56efd8a0
Event: 4.089 Thread 0x00000212d257fd50 DEOPT UNPACKING pc=0x00000212d5247143 sp=0x0000009b56efcd80 mode 3
Event: 6.579 Thread 0x00000212e26c11a0 DEOPT PACKING pc=0x00000212d59fb0b5 sp=0x0000009b590fe180
Event: 6.579 Thread 0x00000212e26c11a0 DEOPT UNPACKING pc=0x00000212d5247143 sp=0x0000009b590fd698 mode 3
Event: 6.743 Thread 0x00000212e278fa70 DEOPT PACKING pc=0x00000212d579d701 sp=0x0000009b58efdb30
Event: 6.743 Thread 0x00000212e278fa70 DEOPT UNPACKING pc=0x00000212d5247143 sp=0x0000009b58efcfc0 mode 3
Event: 6.765 Thread 0x00000212dd52f720 DEOPT PACKING pc=0x00000212d577a917 sp=0x0000009b58ffeed0
Event: 6.765 Thread 0x00000212dd52f720 DEOPT UNPACKING pc=0x00000212d5247143 sp=0x0000009b58ffe328 mode 3
Event: 7.403 Thread 0x00000212e33bd050 DEOPT PACKING pc=0x00000212d546c00c sp=0x0000009b597fe7a0
Event: 7.403 Thread 0x00000212e33bd050 DEOPT UNPACKING pc=0x00000212d5247143 sp=0x0000009b597fdc68 mode 0
Event: 79.474 Thread 0x00000212e278fa70 DEOPT PACKING pc=0x00000212d5873bd4 sp=0x0000009b58eff020
Event: 79.474 Thread 0x00000212e278fa70 DEOPT UNPACKING pc=0x00000212d5247143 sp=0x0000009b58efe4c8 mode 0
Event: 82.656 Thread 0x00000212e33bcb40 DEOPT PACKING pc=0x00000212d53373ee sp=0x0000009b58afdbe0
Event: 82.656 Thread 0x00000212e33bcb40 DEOPT UNPACKING pc=0x00000212d5247143 sp=0x0000009b58afd0d8 mode 3
Event: 82.771 Thread 0x00000212e33bc120 DEOPT PACKING pc=0x00000212d593fd24 sp=0x0000009b56dfec90
Event: 82.771 Thread 0x00000212e33bc120 DEOPT UNPACKING pc=0x00000212d5247143 sp=0x0000009b56dfe178 mode 0

Classes unloaded (20 events):
Event: 116.988 Thread 0x00000212dd3cccb0 Unloading class 0x000000010008a400 'java/lang/invoke/LambdaForm$MH+0x000000010008a400'
Event: 116.988 Thread 0x00000212dd3cccb0 Unloading class 0x0000000100089c00 'java/lang/invoke/LambdaForm$MH+0x0000000100089c00'
Event: 116.988 Thread 0x00000212dd3cccb0 Unloading class 0x0000000100089400 'java/lang/invoke/LambdaForm$MH+0x0000000100089400'
Event: 116.988 Thread 0x00000212dd3cccb0 Unloading class 0x0000000100088c00 'java/lang/invoke/LambdaForm$MH+0x0000000100088c00'
Event: 137.281 Thread 0x00000212dd3cccb0 Unloading class 0x00000001003a2c00 'java/lang/invoke/LambdaForm$MH+0x00000001003a2c00'
Event: 137.281 Thread 0x00000212dd3cccb0 Unloading class 0x00000001003a8400 'java/lang/invoke/LambdaForm$MH+0x00000001003a8400'
Event: 137.281 Thread 0x00000212dd3cccb0 Unloading class 0x00000001003a8800 'java/lang/invoke/LambdaForm$MH+0x00000001003a8800'
Event: 137.281 Thread 0x00000212dd3cccb0 Unloading class 0x00000001003a9800 'java/lang/invoke/LambdaForm$MH+0x00000001003a9800'
Event: 137.281 Thread 0x00000212dd3cccb0 Unloading class 0x00000001003b0800 'java/lang/invoke/LambdaForm$MH+0x00000001003b0800'
Event: 137.281 Thread 0x00000212dd3cccb0 Unloading class 0x00000001003c4000 'java/lang/invoke/LambdaForm$MH+0x00000001003c4000'
Event: 137.281 Thread 0x00000212dd3cccb0 Unloading class 0x0000000100408000 'java/lang/invoke/LambdaForm$MH+0x0000000100408000'
Event: 137.281 Thread 0x00000212dd3cccb0 Unloading class 0x00000001004e4400 'java/lang/invoke/LambdaForm$MH+0x00000001004e4400'
Event: 137.281 Thread 0x00000212dd3cccb0 Unloading class 0x0000000100510000 'java/lang/invoke/LambdaForm$MH+0x0000000100510000'
Event: 137.281 Thread 0x00000212dd3cccb0 Unloading class 0x0000000100519c00 'java/lang/invoke/LambdaForm$MH+0x0000000100519c00'
Event: 137.281 Thread 0x00000212dd3cccb0 Unloading class 0x0000000100519400 'java/lang/invoke/LambdaForm$MH+0x0000000100519400'
Event: 137.281 Thread 0x00000212dd3cccb0 Unloading class 0x0000000100519000 'java/lang/invoke/LambdaForm$MH+0x0000000100519000'
Event: 137.281 Thread 0x00000212dd3cccb0 Unloading class 0x0000000100518c00 'java/lang/invoke/LambdaForm$MH+0x0000000100518c00'
Event: 137.281 Thread 0x00000212dd3cccb0 Unloading class 0x0000000100518400 'java/lang/invoke/LambdaForm$MH+0x0000000100518400'
Event: 137.281 Thread 0x00000212dd3cccb0 Unloading class 0x0000000100518000 'java/lang/invoke/LambdaForm$MH+0x0000000100518000'
Event: 137.281 Thread 0x00000212dd3cccb0 Unloading class 0x0000000100088400 'java/lang/invoke/LambdaForm$MH+0x0000000100088400'

Classes redefined (0 events):
No events

Internal exceptions (20 events):
Event: 6.857 Thread 0x00000212e33bda70 Exception <a 'sun/nio/fs/WindowsException'{0x00000000c3a17de8}> (0x00000000c3a17de8) 
thrown [s\src\hotspot\share\prims\jni.cpp, line 516]
Event: 6.858 Thread 0x00000212e33bda70 Exception <a 'sun/nio/fs/WindowsException'{0x00000000c3a18788}> (0x00000000c3a18788) 
thrown [s\src\hotspot\share\prims\jni.cpp, line 516]
Event: 6.858 Thread 0x00000212e33bda70 Exception <a 'sun/nio/fs/WindowsException'{0x00000000c3a19168}> (0x00000000c3a19168) 
thrown [s\src\hotspot\share\prims\jni.cpp, line 516]
Event: 6.858 Thread 0x00000212e33bda70 Exception <a 'sun/nio/fs/WindowsException'{0x00000000c3a19c10}> (0x00000000c3a19c10) 
thrown [s\src\hotspot\share\prims\jni.cpp, line 516]
Event: 6.858 Thread 0x00000212e33bda70 Exception <a 'sun/nio/fs/WindowsException'{0x00000000c3a1a758}> (0x00000000c3a1a758) 
thrown [s\src\hotspot\share\prims\jni.cpp, line 516]
Event: 7.339 Thread 0x00000212e33bd050 Exception <a 'java/lang/NoSuchMethodError'{0x00000000c396d4e8}: 'void java.lang.invoke.DirectMethodHandle$Holder.invokeVirtual(java.lang.Object, java.lang.Object, java.lang.Object, java.lang.Object)'> (0x00000000c396d4e8) 
thrown [s\src\hotspot\share\interpreter\linkResolver.cpp, line 759]
Event: 7.428 Thread 0x00000212e33bd050 Exception <a 'sun/nio/fs/WindowsException'{0x00000000c36c4c18}> (0x00000000c36c4c18) 
thrown [s\src\hotspot\share\prims\jni.cpp, line 516]
Event: 46.251 Thread 0x00000212e27961f0 Exception <a 'java/lang/NoSuchMethodError'{0x00000000c48fc840}: 'void java.lang.invoke.DirectMethodHandle$Holder.invokeStatic(java.lang.Object, long)'> (0x00000000c48fc840) 
thrown [s\src\hotspot\share\interpreter\linkResolver.cpp, line 759]
Event: 46.252 Thread 0x00000212e27961f0 Exception <a 'java/lang/NoSuchMethodError'{0x00000000c4702660}: 'java.lang.Object java.lang.invoke.DirectMethodHandle$Holder.newInvokeSpecial(java.lang.Object, long)'> (0x00000000c4702660) 
thrown [s\src\hotspot\share\interpreter\linkResolver.cpp, line 759]
Event: 79.479 Thread 0x00000212e278fa70 Exception <a 'java/lang/NoSuchMethodError'{0x00000000c4539038}: 'java.lang.Object java.lang.invoke.DirectMethodHandle$Holder.invokeStatic(java.lang.Object, java.lang.Object, java.lang.Object, int, java.lang.Object, java.lang.Object)'> (0x00000000c4539038) 
thrown [s\src\hotspot\share\interpreter\linkResolver.cpp, line 759]
Event: 80.042 Thread 0x00000212e33be490 Exception <a 'java/lang/NoSuchMethodError'{0x00000000c3030638}: 'java.lang.Object java.lang.invoke.Invokers$Holder.invoke_MT(java.lang.Object, java.lang.Object, java.lang.Object)'> (0x00000000c3030638) 
thrown [s\src\hotspot\share\interpreter\linkResolver.cpp, line 759]
Event: 80.122 Thread 0x00000212e33bd560 Exception <a 'java/lang/NoSuchMethodError'{0x00000000c2d4c8f8}: 'java.lang.Object java.lang.invoke.DirectMethodHandle$Holder.newInvokeSpecial(java.lang.Object, java.lang.Object, java.lang.Object, java.lang.Object, java.lang.Object, long)'> (0x00000000c2d4c8f8) 
thrown [s\src\hotspot\share\interpreter\linkResolver.cpp, line 759]
Event: 80.123 Thread 0x00000212e33bd560 Exception <a 'java/lang/NoSuchMethodError'{0x00000000c2d50f68}: 'java.lang.Object java.lang.invoke.DirectMethodHandle$Holder.invokeSpecial(java.lang.Object, java.lang.Object, java.lang.Object, java.lang.Object, java.lang.Object, java.lang.Object, long)'> (0x00000000c2d50f68) 
thrown [s\src\hotspot\share\interpreter\linkResolver.cpp, line 759]
Event: 81.634 Thread 0x00000212e33bcb40 Exception <a 'java/lang/IncompatibleClassChangeError'{0x00000000c384d670}: Found class java.lang.Object, but interface was expected> (0x00000000c384d670) 
thrown [s\src\hotspot\share\interpreter\linkResolver.cpp, line 826]
Event: 81.808 Thread 0x00000212e33bcb40 Exception <a 'java/lang/NoSuchMethodError'{0x00000000c421a658}: 'int java.lang.invoke.DirectMethodHandle$Holder.invokeSpecialIFC(java.lang.Object, java.lang.Object, java.lang.Object)'> (0x00000000c421a658) 
thrown [s\src\hotspot\share\interpreter\linkResolver.cpp, line 759]
Event: 82.119 Thread 0x00000212e33be490 Exception <a 'java/lang/NoSuchMethodError'{0x00000000c3f7e9a0}: 'int java.lang.invoke.DirectMethodHandle$Holder.invokeStatic(java.lang.Object, int, java.lang.Object)'> (0x00000000c3f7e9a0) 
thrown [s\src\hotspot\share\interpreter\linkResolver.cpp, line 759]
Event: 82.535 Thread 0x00000212e33bd560 Exception <a 'java/lang/NoSuchMethodError'{0x00000000c3956b18}: 'int java.lang.invoke.DirectMethodHandle$Holder.invokeStatic(java.lang.Object, int, int, int, java.lang.Object)'> (0x00000000c3956b18) 
thrown [s\src\hotspot\share\interpreter\linkResolver.cpp, line 759]
Event: 82.539 Thread 0x00000212e33bd560 Exception <a 'java/lang/NoSuchMethodError'{0x00000000c396c578}: 'java.lang.Object java.lang.invoke.Invokers$Holder.linkToTargetMethod(int, int, int, java.lang.Object)'> (0x00000000c396c578) 
thrown [s\src\hotspot\share\interpreter\linkResolver.cpp, line 759]
Event: 82.656 Thread 0x00000212e33bcb40 Implicit null exception at 0x00000212d53371c4 to 0x00000212d53373e9
Event: 2648.304 Thread 0x00000212e27961f0 Exception <a 'java/io/IOException'{0x00000000c4500638}: CreateProcess error=1455, O arquivo de paginação é muito pequeno para que esta operação seja concluída> (0x00000000c4500638) 
thrown [s\src\hotspot\share\prims\jni.cpp, line 535]

VM Operations (20 events):
Event: 2577.450 Executing VM operation: G1CollectFull done
Event: 2587.617 Executing VM operation: G1CollectFull
Event: 2587.647 Executing VM operation: G1CollectFull done
Event: 2597.775 Executing VM operation: G1CollectFull
Event: 2597.805 Executing VM operation: G1CollectFull done
Event: 2607.893 Executing VM operation: G1CollectFull
Event: 2607.913 Executing VM operation: G1CollectFull done
Event: 2618.013 Executing VM operation: G1CollectFull
Event: 2618.036 Executing VM operation: G1CollectFull done
Event: 2628.149 Executing VM operation: G1CollectFull
Event: 2628.171 Executing VM operation: G1CollectFull done
Event: 2638.267 Executing VM operation: G1CollectFull
Event: 2638.290 Executing VM operation: G1CollectFull done
Event: 2648.349 Executing VM operation: Cleanup
Event: 2648.349 Executing VM operation: Cleanup done
Event: 2658.418 Executing VM operation: G1CollectFull
Event: 2658.441 Executing VM operation: G1CollectFull done
Event: 2668.542 Executing VM operation: G1CollectFull
Event: 2668.564 Executing VM operation: G1CollectFull done
Event: 2678.694 Executing VM operation: G1CollectFull

Events (20 events):
Event: 82.469 loading class java/util/Hashtable$ValueCollection
Event: 82.469 loading class java/util/Hashtable$ValueCollection done
Event: 82.719 loading class java/util/stream/SliceOps
Event: 82.720 loading class java/util/stream/SliceOps done
Event: 82.720 loading class java/util/stream/SliceOps$1
Event: 82.721 loading class java/util/stream/SliceOps$1 done
Event: 82.726 loading class java/util/stream/SliceOps$1$1
Event: 82.726 loading class java/util/stream/SliceOps$1$1 done
Event: 87.806 Thread 0x00000212e3946030 Thread exited: 0x00000212e3946030
Event: 87.806 Thread 0x00000212e39b4080 Thread exited: 0x00000212e39b4080
Event: 92.818 Thread 0x00000212e31e5960 Thread exited: 0x00000212e31e5960
Event: 142.475 Thread 0x00000212e33be490 Thread exited: 0x00000212e33be490
Event: 142.508 Thread 0x00000212e33bc630 Thread exited: 0x00000212e33bc630
Event: 142.772 Thread 0x00000212e33bc120 Thread exited: 0x00000212e33bc120
Event: 142.806 Thread 0x00000212e33bcb40 Thread exited: 0x00000212e33bcb40
Event: 202.481 Thread 0x00000212e33bd050 Thread exited: 0x00000212e33bd050
Event: 1275.117 Thread 0x00000212e33bc630 Thread added: 0x00000212e33bc630
Event: 1275.120 Thread 0x00000212e33bc120 Thread added: 0x00000212e33bc120
Event: 1335.139 Thread 0x00000212e33bc120 Thread exited: 0x00000212e33bc120
Event: 1335.139 Thread 0x00000212e33bc630 Thread exited: 0x00000212e33bc630


Dynamic libraries:
0x00007ff630a70000 - 0x00007ff630a7e000 	c:\Users\Lenovo\.vscode\extensions\redhat.java-1.23.0-win32-x64\jre\17.0.8.1-win32-x86_64\bin\java.exe
0x00007ffde15f0000 - 0x00007ffde1807000 	C:\Windows\SYSTEM32\ntdll.dll
0x00007ffde1390000 - 0x00007ffde1454000 	C:\Windows\System32\KERNEL32.DLL
0x00007ffdde970000 - 0x00007ffdded16000 	C:\Windows\System32\KERNELBASE.dll
0x00007ffddf140000 - 0x00007ffddf251000 	C:\Windows\System32\ucrtbase.dll
0x00007ffdd8cc0000 - 0x00007ffdd8cd7000 	c:\Users\Lenovo\.vscode\extensions\redhat.java-1.23.0-win32-x64\jre\17.0.8.1-win32-x86_64\bin\jli.dll
0x00007ffde11e0000 - 0x00007ffde138e000 	C:\Windows\System32\USER32.dll
0x00007ffddf320000 - 0x00007ffddf346000 	C:\Windows\System32\win32u.dll
0x00007ffde1140000 - 0x00007ffde1169000 	C:\Windows\System32\GDI32.dll
0x00007ffddefa0000 - 0x00007ffddf0b8000 	C:\Windows\System32\gdi32full.dll
0x00007ffdded20000 - 0x00007ffddedba000 	C:\Windows\System32\msvcp_win.dll
0x00007ffdce4d0000 - 0x00007ffdce4e9000 	c:\Users\Lenovo\.vscode\extensions\redhat.java-1.23.0-win32-x64\jre\17.0.8.1-win32-x86_64\bin\VCRUNTIME140.dll
0x00007ffdcd210000 - 0x00007ffdcd4a3000 	C:\Windows\WinSxS\amd64_microsoft.windows.common-controls_6595b64144ccf1df_6.0.22621.2361_none_2712ced57382f843\COMCTL32.dll
0x00007ffde0910000 - 0x00007ffde09b7000 	C:\Windows\System32\msvcrt.dll
0x00007ffde1080000 - 0x00007ffde10b1000 	C:\Windows\System32\IMM32.DLL
0x00007ffdd9260000 - 0x00007ffdd926c000 	c:\Users\Lenovo\.vscode\extensions\redhat.java-1.23.0-win32-x64\jre\17.0.8.1-win32-x86_64\bin\vcruntime140_1.dll
0x00007ffdb7800000 - 0x00007ffdb7891000 	c:\Users\Lenovo\.vscode\extensions\redhat.java-1.23.0-win32-x64\jre\17.0.8.1-win32-x86_64\bin\msvcp140.dll
0x00007ffd9b9c0000 - 0x00007ffd9c60c000 	c:\Users\Lenovo\.vscode\extensions\redhat.java-1.23.0-win32-x64\jre\17.0.8.1-win32-x86_64\bin\server\jvm.dll
0x00007ffde0a20000 - 0x00007ffde0ad0000 	C:\Windows\System32\ADVAPI32.dll
0x00007ffde01a0000 - 0x00007ffde0246000 	C:\Windows\System32\sechost.dll
0x00007ffde07f0000 - 0x00007ffde0907000 	C:\Windows\System32\RPCRT4.dll
0x00007ffdcf420000 - 0x00007ffdcf429000 	C:\Windows\SYSTEM32\WSOCK32.dll
0x00007ffde10c0000 - 0x00007ffde1131000 	C:\Windows\System32\WS2_32.dll
0x00007ffddd800000 - 0x00007ffddd84d000 	C:\Windows\SYSTEM32\POWRPROF.dll
0x00007ffdd8030000 - 0x00007ffdd8064000 	C:\Windows\SYSTEM32\WINMM.dll
0x00007ffdd7d70000 - 0x00007ffdd7d7a000 	C:\Windows\SYSTEM32\VERSION.dll
0x00007ffddd7e0000 - 0x00007ffddd7f3000 	C:\Windows\SYSTEM32\UMPDC.dll
0x00007ffddda40000 - 0x00007ffddda58000 	C:\Windows\SYSTEM32\kernel.appcore.dll
0x00007ffdcf1a0000 - 0x00007ffdcf1aa000 	c:\Users\Lenovo\.vscode\extensions\redhat.java-1.23.0-win32-x64\jre\17.0.8.1-win32-x86_64\bin\jimage.dll
0x00007ffddbab0000 - 0x00007ffddbcde000 	C:\Windows\SYSTEM32\DBGHELP.DLL
0x00007ffde0ad0000 - 0x00007ffde0e5a000 	C:\Windows\System32\combase.dll
0x00007ffde14d0000 - 0x00007ffde15a7000 	C:\Windows\System32\OLEAUT32.dll
0x00007ffdc0cb0000 - 0x00007ffdc0ce2000 	C:\Windows\SYSTEM32\dbgcore.DLL
0x00007ffddf0c0000 - 0x00007ffddf13a000 	C:\Windows\System32\bcryptPrimitives.dll
0x00007ffdc8600000 - 0x00007ffdc8625000 	c:\Users\Lenovo\.vscode\extensions\redhat.java-1.23.0-win32-x64\jre\17.0.8.1-win32-x86_64\bin\java.dll
0x00007ffdce470000 - 0x00007ffdce488000 	c:\Users\Lenovo\.vscode\extensions\redhat.java-1.23.0-win32-x64\jre\17.0.8.1-win32-x86_64\bin\zip.dll
0x00007ffddf350000 - 0x00007ffddfba8000 	C:\Windows\System32\SHELL32.dll
0x00007ffddc8d0000 - 0x00007ffddd1c2000 	C:\Windows\SYSTEM32\windows.storage.dll
0x00007ffddc790000 - 0x00007ffddc8ce000 	C:\Windows\SYSTEM32\wintypes.dll
0x00007ffde0280000 - 0x00007ffde0373000 	C:\Windows\System32\SHCORE.dll
0x00007ffde09c0000 - 0x00007ffde0a1e000 	C:\Windows\System32\shlwapi.dll
0x00007ffdde8a0000 - 0x00007ffdde8c6000 	C:\Windows\SYSTEM32\profapi.dll
0x00007ffdce420000 - 0x00007ffdce439000 	C:\Users\Lenovo\.vscode\extensions\redhat.java-1.23.0-win32-x64\jre\17.0.8.1-win32-x86_64\bin\net.dll
0x00007ffdd7b20000 - 0x00007ffdd7c57000 	C:\Windows\SYSTEM32\WINHTTP.dll
0x00007ffdddf20000 - 0x00007ffdddf89000 	C:\Windows\system32\mswsock.dll
0x00007ffdcd060000 - 0x00007ffdcd075000 	C:\Users\Lenovo\.vscode\extensions\redhat.java-1.23.0-win32-x64\jre\17.0.8.1-win32-x86_64\bin\nio.dll
0x00007ffdde170000 - 0x00007ffdde18b000 	C:\Windows\SYSTEM32\CRYPTSP.dll
0x00007ffddda00000 - 0x00007ffddda35000 	C:\Windows\system32\rsaenh.dll
0x00007ffdde010000 - 0x00007ffdde03c000 	C:\Windows\SYSTEM32\USERENV.dll
0x00007ffdde330000 - 0x00007ffdde358000 	C:\Windows\SYSTEM32\bcrypt.dll
0x00007ffdde190000 - 0x00007ffdde19c000 	C:\Windows\SYSTEM32\CRYPTBASE.dll
0x00007ffddd4a0000 - 0x00007ffddd4cd000 	C:\Windows\SYSTEM32\IPHLPAPI.DLL
0x00007ffde0730000 - 0x00007ffde0739000 	C:\Windows\System32\NSI.dll
0x00007ffdd7d50000 - 0x00007ffdd7d69000 	C:\Windows\SYSTEM32\dhcpcsvc6.DLL
0x00007ffdd7930000 - 0x00007ffdd794f000 	C:\Windows\SYSTEM32\dhcpcsvc.DLL
0x00007ffddd510000 - 0x00007ffddd609000 	C:\Windows\SYSTEM32\DNSAPI.dll
0x00007ffdce830000 - 0x00007ffdce840000 	c:\Users\Lenovo\.vscode\extensions\redhat.java-1.23.0-win32-x64\jre\17.0.8.1-win32-x86_64\bin\verify.dll
0x00007ffdd7a80000 - 0x00007ffdd7a89000 	C:\Users\Lenovo\.vscode\extensions\redhat.java-1.23.0-win32-x64\jre\17.0.8.1-win32-x86_64\bin\management.dll
0x00007ffdce810000 - 0x00007ffdce81b000 	C:\Users\Lenovo\.vscode\extensions\redhat.java-1.23.0-win32-x64\jre\17.0.8.1-win32-x86_64\bin\management_ext.dll
0x00007ffde0270000 - 0x00007ffde0278000 	C:\Windows\System32\PSAPI.DLL
0x00007ffdcd820000 - 0x00007ffdcd82e000 	C:\Users\Lenovo\.vscode\extensions\redhat.java-1.23.0-win32-x64\jre\17.0.8.1-win32-x86_64\bin\sunmscapi.dll
0x00007ffddedc0000 - 0x00007ffddef26000 	C:\Windows\System32\CRYPT32.dll
0x00007ffdde300000 - 0x00007ffdde32d000 	C:\Windows\SYSTEM32\ncrypt.dll
0x00007ffdde2c0000 - 0x00007ffdde2f7000 	C:\Windows\SYSTEM32\NTASN1.dll
0x00007ffdca070000 - 0x00007ffdca07a000 	C:\Windows\System32\rasadhlp.dll
0x00007ffdd5eb0000 - 0x00007ffdd5f34000 	C:\Windows\System32\fwpuclnt.dll

dbghelp: loaded successfully - version: 4.0.5 - missing functions: none
symbol engine: initialized successfully - sym options: 0x614 - pdb path: .;c:\Users\Lenovo\.vscode\extensions\redhat.java-1.23.0-win32-x64\jre\17.0.8.1-win32-x86_64\bin;C:\Windows\SYSTEM32;C:\Windows\WinSxS\amd64_microsoft.windows.common-controls_6595b64144ccf1df_6.0.22621.2361_none_2712ced57382f843;c:\Users\Lenovo\.vscode\extensions\redhat.java-1.23.0-win32-x64\jre\17.0.8.1-win32-x86_64\bin\server

VM Arguments:
jvm_args: -XX:+HeapDumpOnOutOfMemoryError -Xmx1024m -Dsts.lsp.client=vscode -Dsts.log.file=/dev/null -XX:TieredStopAtLevel=1 -Xlog:jni+resolve=off -Dspring.config.location=file:c:\Users\Lenovo\.vscode\extensions\vmware.vscode-spring-boot-1.49.0\language-server\BOOT-INF\classes\application.properties 
java_command: org.springframework.ide.vscode.boot.app.BootLanguageServerBootApp
java_class_path (initial): c:\Users\Lenovo\.vscode\extensions\vmware.vscode-spring-boot-1.49.0\language-server\BOOT-INF\classes;c:\Users\Lenovo\.vscode\extensions\vmware.vscode-spring-boot-1.49.0\language-server\BOOT-INF\lib\annotations-24.0.1.jar;c:\Users\Lenovo\.vscode\extensions\vmware.vscode-spring-boot-1.49.0\language-server\BOOT-INF\lib\antlr-runtime-3.5.3.jar;c:\Users\Lenovo\.vscode\extensions\vmware.vscode-spring-boot-1.49.0\language-server\BOOT-INF\lib\antlr4-4.11.1.jar;c:\Users\Lenovo\.vscode\extensions\vmware.vscode-spring-boot-1.49.0\language-server\BOOT-INF\lib\antlr4-runtime-4.11.1.jar;c:\Users\Lenovo\.vscode\extensions\vmware.vscode-spring-boot-1.49.0\language-server\BOOT-INF\lib\archunit-1.1.0.jar;c:\Users\Lenovo\.vscode\extensions\vmware.vscode-spring-boot-1.49.0\language-server\BOOT-INF\lib\asm-9.5.jar;c:\Users\Lenovo\.vscode\extensions\vmware.vscode-spring-boot-1.49.0\language-server\BOOT-INF\lib\asm-analysis-9.5.jar;c:\Users\Lenovo\.vscode\extensions\vmware.vscode-spring-boot-1.49.0\language-server\BOOT-INF\lib\asm-tree-9.5.jar;c:\Users\Lenovo\.vscode\extensions\vmware.vscode-spring-boot-1.49.0\language-server\BOOT-INF\lib\asm-util-9.5.jar;c:\Users\Lenovo\.vscode\extensions\vmware.vscode-spring-boot-1.49.0\language-server\BOOT-INF\lib\bosh-language-server-1.49.0-SNAPSHOT.jar;c:\Users\Lenovo\.vscode\extensions\vmware.vscode-spring-boot-1.49.0\language-server\BOOT-INF\lib\caffeine-3.1.6.jar;c:\Users\Lenovo\.vscode\extensions\vmware.vscode-spring-boot-1.49.0\language-server\BOOT-INF\lib\checker-qual-3.12.0.jar;c:\Users\Lenovo\.vscode\extensions\vmware.vscode-spring-boot-1.49.0\language-server\BOOT-INF\lib\classgraph-4.8.149.jar;c:\Users\Lenovo\.vscode\extensions\vmware.vscode-spring-boot-1.49.0\language-server\BOOT-INF\lib\commons-codec-1.15.jar;c:\Users\Lenovo\.vscode\extensions\vmware.vscode-spring-boot-1.49.0\language-server\BOOT-INF\lib\commons-compress-1.23.0.jar;c:\Users\Lenovo\.vscode\extensions\vmware.vscode-spring-boot-1.49.0\language-ser
Launcher Type: SUN_STANDARD

[Global flags]
     intx CICompilerCount                          = 4                                         {product} {ergonomic}
     uint ConcGCThreads                            = 2                                         {product} {ergonomic}
     uint G1ConcRefinementThreads                  = 8                                         {product} {ergonomic}
   size_t G1HeapRegionSize                         = 1048576                                   {product} {ergonomic}
    uintx GCDrainStackTargetSize                   = 64                                        {product} {ergonomic}
     bool HeapDumpOnOutOfMemoryError               = true                                   {manageable} {command line}
   size_t InitialHeapSize                          = 335544320                                 {product} {ergonomic}
   size_t MarkStackSize                            = 4194304                                   {product} {ergonomic}
   size_t MaxHeapSize                              = 1073741824                                {product} {command line}
   size_t MaxNewSize                               = 643825664                                 {product} {ergonomic}
   size_t MinHeapDeltaBytes                        = 1048576                                   {product} {ergonomic}
   size_t MinHeapSize                              = 8388608                                   {product} {ergonomic}
    uintx NonProfiledCodeHeapSize                  = 0                                      {pd product} {ergonomic}
     bool ProfileInterpreter                       = false                                  {pd product} {command line}
    uintx ProfiledCodeHeapSize                     = 0                                      {pd product} {ergonomic}
   size_t SoftMaxHeapSize                          = 1073741824                             {manageable} {ergonomic}
     intx TieredStopAtLevel                        = 1                                         {product} {command line}
     bool UseCompressedClassPointers               = true                           {product lp64_product} {ergonomic}
     bool UseCompressedOops                        = true                           {product lp64_product} {ergonomic}
     bool UseG1GC                                  = true                                      {product} {ergonomic}
     bool UseLargePagesIndividualAllocation        = false                                  {pd product} {ergonomic}

Logging:
Log output configuration:
 #0: stdout all=warning,jni+resolve=off uptime,level,tags
 #1: stderr all=off uptime,level,tags

Environment Variables:
JAVA_HOME=C:\Program Files\Java\jdk-17
PATH=C:\Program Files\Common Files\Oracle\Java\javapath;C:\Program Files (x86)\Common Files\Oracle\Java\javapath;C:\Windows\system32;C:\Windows;C:\Windows\System32\Wbem;C:\Windows\System32\WindowsPowerShell\v1.0\;C:\Windows\System32\OpenSSH\;C:\Program Files\nodejs\;C:\Program Files\Git\cmd;C:\Program Files\Java\jdk-17\bin;C:\maven\bin;C:\Ruby32-x64\bin;C:\Users\Lenovo\AppData\Local\Microsoft\WindowsApps;C:\Users\Lenovo\AppData\Local\Programs\Microsoft VS Code\bin;C:\Users\Lenovo\AppData\Roaming\npm;C:\Users\Lenovo\AppData\Local\Programs\oh-my-posh\bin;C:\maven\bin;
USERNAME=Lenovo
OS=Windows_NT
PROCESSOR_IDENTIFIER=Intel64 Family 6 Model 142 Stepping 12, GenuineIntel
TMP=C:\Users\Lenovo\AppData\Local\Temp
TEMP=C:\Users\Lenovo\AppData\Local\Temp



---------------  S Y S T E M  ---------------

OS:
 Windows 11 , 64 bit Build 22621 (10.0.22621.2361)
OS uptime: 10 days 18:49 hours
Hyper-V role detected

CPU: total 8 (initial active 8) (4 cores per cpu, 2 threads per core) family 6 model 142 stepping 12 microcode 0xde, cx8, cmov, fxsr, ht, mmx, 3dnowpref, sse, sse2, sse3, ssse3, sse4.1, sse4.2, popcnt, lzcnt, tsc, tscinvbit, avx, avx2, aes, erms, clmul, bmi1, bmi2, adx, fma, vzeroupper, clflush, clflushopt, hv
Processor Information for all 8 processors :
  Max Mhz: 1992, Current Mhz: 1792, Mhz Limit: 1792

Memory: 4k page, system-wide physical 20360M (4117M free)
TotalPageFile size 50805M (AvailPageFile size 11M)
current process WorkingSet (physical memory assigned to process): 192M, peak: 196M
current process commit charge ("private bytes"): 230M, peak: 433M

vm_info: OpenJDK 64-Bit Server VM (17.0.8.1+1) for windows-amd64 JRE (17.0.8.1+1), built on Aug 23 2023 15:29:17 by "admin" with MS VC++ 16.7 (VS2019)

END.
